[2022-12-01 16:55:45] [INFO ] [OdontologoServiceImplTest:31] El odontologo 1se agregó a base de datos
[2022-12-01 17:23:35] [INFO ] [OdontologoServiceImplTest:39] El odontologo 1 se agregó a base de datos
[2022-12-01 17:29:16] [INFO ] [OdontologoServiceImplTest:39] Se agregó información de odontólogos a la base de datos.
[2022-12-01 17:48:20] [INFO ] [DomicilioServiceImplTest:39] Se agregó información de domicilio a la base de datos.
[2022-12-02 16:43:11] [INFO ] [OdontologoServiceImplTest:38] Se agregó información de odontólogos a la base de datos.
[2022-12-02 16:44:12] [INFO ] [DomicilioServiceImplTest:39] Se agregó información de domicilio a la base de datos.
[2022-12-02 16:45:44] [INFO ] [DomicilioServiceImplTest:39] Se agregó información de domicilio a la base de datos.
[2022-12-02 16:56:04] [INFO ] [OdontologoServiceImplTest:38] Se agregó información de odontólogos a la base de datos.
[2022-12-02 17:56:09] [INFO ] [OdontologoServiceImplTest:38] Se agregó información de odontólogos a la base de datos.
[2022-12-02 17:57:10] [INFO ] [DomicilioServiceImplTest:40] Se agregó información de domicilio a la base de datos.
[2022-12-02 19:45:01] [INFO ] [OdontologoServiceImplTest:38] Se agregó información de odontólogos a la base de datos.
[2022-12-02 19:49:27] [INFO ] [DomicilioServiceImplTest:40] Se agregó información de domicilio a la base de datos.
[2022-12-02 19:50:32] [INFO ] [PacienteServiceImplTest:52] Se agregó información de pacientes a la base de datos.
[2022-12-02 21:09:40] [INFO ] [TurnoServiceImplTest:36] Se agregó información de turno a la base de datos.
[2022-12-02 21:14:03] [INFO ] [TurnoServiceImplTest:36] Se agregó información de turno a la base de datos.
[2022-12-02 21:14:30] [INFO ] [OdontologoServiceImplTest:38] Se agregó información de odontólogos a la base de datos.
[2022-12-02 21:14:57] [INFO ] [PacienteServiceImplTest:51] Se agregó información de pacientes a la base de datos.
[2022-12-02 21:16:42] [INFO ] [DomicilioServiceImplTest:40] Se agregó información de domicilio a la base de datos.
[2022-12-02 21:28:16] [INFO ] [TurnoServiceImplTest:36] Se agregó información de turno a la base de datos.
[2022-12-02 21:28:37] [INFO ] [PacienteServiceImplTest:51] Se agregó información de pacientes a la base de datos.
[2022-12-02 21:28:59] [INFO ] [OdontologoServiceImplTest:38] Se agregó información de odontólogos a la base de datos.
[2022-12-02 21:29:34] [INFO ] [DomicilioServiceImplTest:40] Se agregó información de domicilio a la base de datos.
[2022-12-02 21:33:59] [INFO ] [TurnoServiceImplTest:36] Se agregó información de turno a la base de datos.
[2022-12-02 21:35:16] [INFO ] [PacienteServiceImplTest:51] Se agregó información de pacientes a la base de datos.
[2022-12-02 21:35:58] [INFO ] [OdontologoServiceImplTest:38] Se agregó información de odontólogos a la base de datos.
[2022-12-02 21:36:16] [INFO ] [DomicilioServiceImplTest:40] Se agregó información de domicilio a la base de datos.
[2022-12-02 21:47:41] [INFO ] [TurnoServiceImplTest:36] Se agregó información de turno a la base de datos.
[2022-12-02 21:49:03] [INFO ] [PacienteServiceImplTest:51] Se agregó información de pacientes a la base de datos.
[2022-12-02 21:50:10] [INFO ] [OdontologoServiceImplTest:38] Se agregó información de odontólogos a la base de datos.
[2022-12-02 21:50:47] [INFO ] [DomicilioServiceImplTest:40] Se agregó información de domicilio a la base de datos.
[2022-12-07 17:23:36] [ERROR] [GlobalExceptionHandler:17] Content-Type 'text/plain;charset=UTF-8' is not supported
[2022-12-10 10:41:27] [INFO ] [DomicilioServiceImplTest:40] Se agregó información de domicilio a la base de datos.
[2022-12-10 10:41:27] [INFO ] [OdontologoServiceImplTest:38] Se agregó información de odontólogos a la base de datos.
[2022-12-10 10:41:27] [INFO ] [PacienteServiceImplTest:51] Se agregó información de pacientes a la base de datos.
[2022-12-10 10:41:27] [INFO ] [TurnoServiceImplTest:36] Se agregó información de turno a la base de datos.
[2022-12-10 13:10:25] [ERROR] [GlobalExceptionHandler:16] Request method 'GET' is not supported
[2022-12-10 13:44:02] [ERROR] [GlobalExceptionHandler:16] No class com.clinikaOdontologikaHq.model.entities.Odontologo entity with id 453 exists
[2022-12-10 13:44:26] [ERROR] [GlobalExceptionHandler:16] No class com.clinikaOdontologikaHq.model.entities.Odontologo entity with id 453 exists
[2022-12-11 14:59:58] [INFO ] [OdontologoController:57] Lista de odontologos activa
[2022-12-11 15:00:01] [INFO ] [OdontologoController:57] Lista de odontologos activa
[2022-12-11 15:00:06] [INFO ] [OdontologoController:57] Lista de odontologos activa
[2022-12-11 15:00:38] [INFO ] [OdontologoController:24] <200 OK OK,Guardado,[]>
[2022-12-11 15:00:58] [INFO ] [OdontologoController:57] Lista de odontologos activa
[2022-12-11 15:00:59] [INFO ] [OdontologoController:57] Lista de odontologos activa
[2022-12-11 15:01:13] [INFO ] [OdontologoController:32] <200 OK OK,Guardado,[]>
[2022-12-11 15:01:23] [INFO ] [OdontologoController:40] <200 OK OK,Actualizado,[]>
[2022-12-11 15:01:25] [INFO ] [OdontologoController:57] Lista de odontologos activa
[2022-12-11 15:02:17] [INFO ] [OdontologoController:32] <200 OK OK,Guardado,[]>
[2022-12-11 15:02:29] [INFO ] [OdontologoController:32] <200 OK OK,Guardado,[]>
[2022-12-11 15:02:31] [INFO ] [OdontologoController:32] <200 OK OK,Guardado,[]>
[2022-12-11 15:02:39] [INFO ] [OdontologoController:57] Lista de odontologos activa
[2022-12-11 15:04:35] [INFO ] [OdontologoController:32] <200 OK OK,Guardado,[]>
[2022-12-11 15:04:55] [INFO ] [OdontologoController:57] Lista de odontologos activa
[2022-12-11 15:06:30] [INFO ] [OdontologoController:32] <200 OK OK,Guardado,[]>
[2022-12-11 15:09:54] [INFO ] [OdontologoController:57] Lista de odontologos activa
[2022-12-11 15:10:19] [INFO ] [OdontologoController:32] <200 OK OK,Guardado,[]>
[2022-12-11 15:10:19] [ERROR] [GlobalExceptionHandler:21] Cannot invoke "com.clinikaOdontologikaHq.repository.dto.OdontologoDTO.getId()" because "odontologoDTO" is null
[2022-12-11 15:14:32] [INFO ] [OdontologoController:57] Lista de odontologos activa
[2022-12-11 15:14:43] [INFO ] [OdontologoController:32] <200 OK OK,Guardado,[]>
[2022-12-11 15:16:31] [INFO ] [OdontologoController:57] Lista de odontologos activa
[2022-12-11 15:16:39] [INFO ] [OdontologoController:57] Lista de odontologos activa
[2022-12-11 15:16:51] [INFO ] [OdontologoController:32] <200 OK OK,Guardado,[]>
[2022-12-11 15:31:52] [INFO ] [OdontologoController:57] Lista de odontologos activa
[2022-12-11 15:43:08] [INFO ] [OdontologoController:57] Lista de odontologos activa
[2022-12-11 15:43:17] [INFO ] [OdontologoController:57] Lista de odontologos activa
[2022-12-11 15:43:18] [INFO ] [OdontologoController:57] Lista de odontologos activa
[2022-12-11 15:43:19] [INFO ] [OdontologoController:57] Lista de odontologos activa
[2022-12-11 15:43:19] [INFO ] [OdontologoController:57] Lista de odontologos activa
[2022-12-11 15:43:20] [INFO ] [OdontologoController:57] Lista de odontologos activa
[2022-12-11 15:43:52] [INFO ] [OdontologoController:57] Lista de odontologos activa
[2022-12-11 15:44:13] [INFO ] [OdontologoController:24] <200 OK OK,Guardado,[]>
[2022-12-11 15:44:18] [INFO ] [OdontologoController:57] Lista de odontologos activa
[2022-12-11 15:45:03] [INFO ] [OdontologoController:32] <200 OK OK,Guardado,[]>
[2022-12-11 15:45:15] [INFO ] [OdontologoController:40] <200 OK OK,Actualizado,[]>
[2022-12-11 15:45:17] [INFO ] [OdontologoController:57] Lista de odontologos activa
[2022-12-11 15:45:23] [INFO ] [OdontologoController:50] <200 OK OK,Eliminado,[]>
[2022-12-11 15:50:26] [INFO ] [OdontologoController:57] Lista de odontologos activa
[2022-12-11 16:52:40] [INFO ] [OdontologoController:57] Lista de odontologos activa
